IncompleteFilesException:
The files below seem to be incomplete. If you are sure that certain files are not incomplete, mark them as complete with

    snakemake --cleanup-metadata <filenames>

To re-generate the files rerun your command with the --rerun-incomplete flag.
Incomplete files:
/DATA/usr/n.klaassen/projects/SuRE_K562/data/processed/SuRE_output/iPCR/iPCR_3336_3/map1_sort/iPCR_3336_3.bam
SuRE-seq pipeline version:  0.14.feature_SNP-usr-config 
 git commit hash:  /DATA/usr/n.klaassen/projects/SuRE_K562/analyses/SuRE_Pipeline
/DATA/usr/ludo/projects/LP190816_SuRE_K562_SNP/code/SuRE-WASP-pipeline
bc007e8e31a1119a007f8335f7c99abb748d60dc 


reading SNPs from /DATA/usr/n.klaassen/projects/SuRE_K562/data/interim/SuRE_SNPs/vcf/SuRE_SNPs
reading VCF from /DATA/usr/n.klaassen/projects/SuRE_K562/data/interim/SuRE_SNPs/vcf/
Command exited with non-zero status 1
	Command being timed: "nice -19 snakemake -prs /DATA/usr/ludo/projects/LP190816_SuRE_K562_SNP/code/SuRE-WASP-pipeline/SuRE-snakemake --use-conda --conda-prefix /DATA/usr/n.klaassen/projects/SuRE_K562/analyses/SuRE_Pipeline --resources ram=150 --configfile SuRE-K562.yaml --cores 25 all"
	User time (seconds): 7.40
	System time (seconds): 0.47
	Percent of CPU this job got: 99%
	Elapsed (wall clock) time (h:mm:ss or m:ss): 0:07.88
	Average shared text size (kbytes): 0
	Average unshared data size (kbytes): 0
	Average stack size (kbytes): 0
	Average total size (kbytes): 0
	Maximum resident set size (kbytes): 74780
	Average resident set size (kbytes): 0
	Major (requiring I/O) page faults: 0
	Minor (reclaiming a frame) page faults: 42259
	Voluntary context switches: 16
	Involuntary context switches: 31
	Swaps: 0
	File system inputs: 0
	File system outputs: 3240
	Socket messages sent: 0
	Socket messages received: 0
	Signals delivered: 0
	Page size (bytes): 4096
	Exit status: 1
