SuRE-seq pipeline version:  0.14.feature_SNP-usr-config 
 git commit hash:  /DATA/usr/n.klaassen/projects/SuRE_K562/analyses/SuRE_Pipeline
/DATA/usr/ludo/projects/LP190816_SuRE_K562_SNP/code/SuRE-WASP-pipeline
bc007e8e31a1119a007f8335f7c99abb748d60dc 


SystemExit in line 107 of /DATA/usr/ludo/projects/LP190816_SuRE_K562_SNP/code/SuRE-WASP-pipeline/SuRE-snakemake:
GID is defined but SNP directory (/DATA/usr/n.klaassen/projects/SuRE_K562/data/interim/SuRE_SNPs/vcf/SuRE_SNPs) doesn't exist
  File "/DATA/usr/ludo/projects/LP190816_SuRE_K562_SNP/code/SuRE-WASP-pipeline/SuRE-snakemake", line 107, in <module>
Command exited with non-zero status 1
	Command being timed: "nice -19 snakemake --dryrun -prs /DATA/usr/ludo/projects/LP190816_SuRE_K562_SNP/code/SuRE-WASP-pipeline/SuRE-snakemake --use-conda --resources ram=150 --configfile SuRE-K562.yaml --cores 25 all"
	User time (seconds): 0.30
	System time (seconds): 0.01
	Percent of CPU this job got: 96%
	Elapsed (wall clock) time (h:mm:ss or m:ss): 0:00.32
	Average shared text size (kbytes): 0
	Average unshared data size (kbytes): 0
	Average stack size (kbytes): 0
	Average total size (kbytes): 0
	Maximum resident set size (kbytes): 23316
	Average resident set size (kbytes): 0
	Major (requiring I/O) page faults: 0
	Minor (reclaiming a frame) page faults: 7887
	Voluntary context switches: 14
	Involuntary context switches: 7
	Swaps: 0
	File system inputs: 0
	File system outputs: 24
	Socket messages sent: 0
	Socket messages received: 0
	Signals delivered: 0
	Page size (bytes): 4096
	Exit status: 1
